<?xml version="1.0" encoding="UTF-8"?>
<testsuite xmlns:xsi="http://www.w3.org/2001/XMLSchema-instance" xsi:noNamespaceSchemaLocation="https://maven.apache.org/surefire/maven-surefire-plugin/xsd/surefire-test-report.xsd" name="ar.edu.utn.frba.dds.testRegistroUsuario.ValidacionRegistroDeEmpresasTest" time="0.005" tests="2" errors="0" skipped="0" failures="0">
  <properties>
    <property name="java.specification.version" value="17"/>
    <property name="sun.jnu.encoding" value="UTF-8"/>
    <property name="java.class.path" value="/home/luciano/UTN/DDS/prueba/target/test-classes:/home/luciano/UTN/DDS/prueba/target/classes:/home/luciano/.m2/repository/com/sun/mail/jakarta.mail/2.0.1/jakarta.mail-2.0.1.jar:/home/luciano/.m2/repository/com/sun/activation/jakarta.activation/2.0.1/jakarta.activation-2.0.1.jar:/home/luciano/.m2/repository/commons-cli/commons-cli/1.5.0/commons-cli-1.5.0.jar:/home/luciano/.m2/repository/io/github/flbulgarelli/jpa-extras/1.0.0-rc1/jpa-extras-1.0.0-rc1.jar:/home/luciano/.m2/repository/org/hibernate/hibernate-entitymanager/5.6.12.Final/hibernate-entitymanager-5.6.12.Final.jar:/home/luciano/.m2/repository/org/jboss/logging/jboss-logging/3.4.3.Final/jboss-logging-3.4.3.Final.jar:/home/luciano/.m2/repository/org/hibernate/hibernate-core/5.6.12.Final/hibernate-core-5.6.12.Final.jar:/home/luciano/.m2/repository/antlr/antlr/2.7.7/antlr-2.7.7.jar:/home/luciano/.m2/repository/org/jboss/jandex/2.4.2.Final/jandex-2.4.2.Final.jar:/home/luciano/.m2/repository/com/fasterxml/classmate/1.5.1/classmate-1.5.1.jar:/home/luciano/.m2/repository/org/glassfish/jaxb/jaxb-runtime/2.3.1/jaxb-runtime-2.3.1.jar:/home/luciano/.m2/repository/org/glassfish/jaxb/txw2/2.3.1/txw2-2.3.1.jar:/home/luciano/.m2/repository/com/sun/istack/istack-commons-runtime/3.0.7/istack-commons-runtime-3.0.7.jar:/home/luciano/.m2/repository/org/jvnet/staxex/stax-ex/1.8/stax-ex-1.8.jar:/home/luciano/.m2/repository/com/sun/xml/fastinfoset/FastInfoset/1.2.15/FastInfoset-1.2.15.jar:/home/luciano/.m2/repository/org/hibernate/common/hibernate-commons-annotations/5.1.2.Final/hibernate-commons-annotations-5.1.2.Final.jar:/home/luciano/.m2/repository/javax/persistence/javax.persistence-api/2.2/javax.persistence-api-2.2.jar:/home/luciano/.m2/repository/org/jboss/spec/javax/transaction/jboss-transaction-api_1.2_spec/1.1.1.Final/jboss-transaction-api_1.2_spec-1.1.1.Final.jar:/home/luciano/.m2/repository/mysql/mysql-connector-java/5.1.26/mysql-connector-java-5.1.26.jar:/home/luciano/.m2/repository/org/hsqldb/hsqldb/2.4.0/hsqldb-2.4.0.jar:/home/luciano/.m2/repository/com/opencsv/opencsv/5.5.2/opencsv-5.5.2.jar:/home/luciano/.m2/repository/org/apache/commons/commons-lang3/3.12.0/commons-lang3-3.12.0.jar:/home/luciano/.m2/repository/org/apache/commons/commons-text/1.9/commons-text-1.9.jar:/home/luciano/.m2/repository/commons-beanutils/commons-beanutils/1.9.4/commons-beanutils-1.9.4.jar:/home/luciano/.m2/repository/commons-logging/commons-logging/1.2/commons-logging-1.2.jar:/home/luciano/.m2/repository/commons-collections/commons-collections/3.2.2/commons-collections-3.2.2.jar:/home/luciano/.m2/repository/org/apache/commons/commons-collections4/4.4/commons-collections4-4.4.jar:/home/luciano/.m2/repository/com/squareup/retrofit2/retrofit/2.9.0/retrofit-2.9.0.jar:/home/luciano/.m2/repository/com/squareup/okhttp3/okhttp/3.14.9/okhttp-3.14.9.jar:/home/luciano/.m2/repository/com/squareup/okio/okio/1.17.2/okio-1.17.2.jar:/home/luciano/.m2/repository/com/squareup/retrofit2/converter-gson/2.9.0/converter-gson-2.9.0.jar:/home/luciano/.m2/repository/org/junit/jupiter/junit-jupiter-engine/5.9.2/junit-jupiter-engine-5.9.2.jar:/home/luciano/.m2/repository/org/junit/platform/junit-platform-engine/1.9.2/junit-platform-engine-1.9.2.jar:/home/luciano/.m2/repository/org/opentest4j/opentest4j/1.2.0/opentest4j-1.2.0.jar:/home/luciano/.m2/repository/org/junit/platform/junit-platform-commons/1.9.2/junit-platform-commons-1.9.2.jar:/home/luciano/.m2/repository/org/junit/jupiter/junit-jupiter-api/5.9.2/junit-jupiter-api-5.9.2.jar:/home/luciano/.m2/repository/org/apiguardian/apiguardian-api/1.1.2/apiguardian-api-1.1.2.jar:/home/luciano/.m2/repository/org/projectlombok/lombok/1.18.26/lombok-1.18.26.jar:/home/luciano/.m2/repository/org/mockito/mockito-core/3.10.0/mockito-core-3.10.0.jar:/home/luciano/.m2/repository/net/bytebuddy/byte-buddy/1.11.0/byte-buddy-1.11.0.jar:/home/luciano/.m2/repository/net/bytebuddy/byte-buddy-agent/1.11.0/byte-buddy-agent-1.11.0.jar:/home/luciano/.m2/repository/org/objenesis/objenesis/3.2/objenesis-3.2.jar:/home/luciano/.m2/repository/org/apache/commons/commons-csv/1.10.0/commons-csv-1.10.0.jar:/home/luciano/.m2/repository/com/twilio/sdk/twilio/7.55.0/twilio-7.55.0.jar:/home/luciano/.m2/repository/com/google/guava/guava/29.0-android/guava-29.0-android.jar:/home/luciano/.m2/repository/com/google/guava/failureaccess/1.0.1/failureaccess-1.0.1.jar:/home/luciano/.m2/repository/com/google/guava/listenablefuture/9999.0-empty-to-avoid-conflict-with-guava/listenablefuture-9999.0-empty-to-avoid-conflict-with-guava.jar:/home/luciano/.m2/repository/com/google/code/findbugs/jsr305/3.0.2/jsr305-3.0.2.jar:/home/luciano/.m2/repository/org/checkerframework/checker-compat-qual/2.5.5/checker-compat-qual-2.5.5.jar:/home/luciano/.m2/repository/com/google/errorprone/error_prone_annotations/2.3.4/error_prone_annotations-2.3.4.jar:/home/luciano/.m2/repository/com/google/j2objc/j2objc-annotations/1.3/j2objc-annotations-1.3.jar:/home/luciano/.m2/repository/joda-time/joda-time/2.10.6/joda-time-2.10.6.jar:/home/luciano/.m2/repository/io/jsonwebtoken/jjwt-api/0.11.2/jjwt-api-0.11.2.jar:/home/luciano/.m2/repository/io/jsonwebtoken/jjwt-jackson/0.11.2/jjwt-jackson-0.11.2.jar:/home/luciano/.m2/repository/io/jsonwebtoken/jjwt-impl/0.11.2/jjwt-impl-0.11.2.jar:/home/luciano/.m2/repository/org/apache/httpcomponents/httpclient/4.5.6/httpclient-4.5.6.jar:/home/luciano/.m2/repository/org/apache/httpcomponents/httpcore/4.4.10/httpcore-4.4.10.jar:/home/luciano/.m2/repository/javax/xml/bind/jaxb-api/2.3.1/jaxb-api-2.3.1.jar:/home/luciano/.m2/repository/javax/activation/javax.activation-api/1.2.0/javax.activation-api-1.2.0.jar:/home/luciano/.m2/repository/org/simplejavamail/simple-java-mail/6.0.3/simple-java-mail-6.0.3.jar:/home/luciano/.m2/repository/org/simplejavamail/core-module/6.0.3/core-module-6.0.3.jar:/home/luciano/.m2/repository/jakarta/xml/bind/jakarta.xml.bind-api/2.3.2/jakarta.xml.bind-api-2.3.2.jar:/home/luciano/.m2/repository/jakarta/activation/jakarta.activation-api/1.2.1/jakarta.activation-api-1.2.1.jar:/home/luciano/.m2/repository/jakarta/annotation/jakarta.annotation-api/1.3.5/jakarta.annotation-api-1.3.5.jar:/home/luciano/.m2/repository/com/github/bbottema/emailaddress-rfc2822/2.1.3/emailaddress-rfc2822-2.1.3.jar:/home/luciano/.m2/repository/org/slf4j/slf4j-api/1.7.25/slf4j-api-1.7.25.jar:/home/luciano/.m2/repository/com/sparkjava/spark-core/2.2/spark-core-2.2.jar:/home/luciano/.m2/repository/org/slf4j/slf4j-simple/1.7.7/slf4j-simple-1.7.7.jar:/home/luciano/.m2/repository/org/eclipse/jetty/jetty-server/9.0.2.v20130417/jetty-server-9.0.2.v20130417.jar:/home/luciano/.m2/repository/org/eclipse/jetty/orbit/javax.servlet/3.0.0.v201112011016/javax.servlet-3.0.0.v201112011016.jar:/home/luciano/.m2/repository/org/eclipse/jetty/jetty-http/9.0.2.v20130417/jetty-http-9.0.2.v20130417.jar:/home/luciano/.m2/repository/org/eclipse/jetty/jetty-util/9.0.2.v20130417/jetty-util-9.0.2.v20130417.jar:/home/luciano/.m2/repository/org/eclipse/jetty/jetty-io/9.0.2.v20130417/jetty-io-9.0.2.v20130417.jar:/home/luciano/.m2/repository/org/eclipse/jetty/jetty-webapp/9.0.2.v20130417/jetty-webapp-9.0.2.v20130417.jar:/home/luciano/.m2/repository/org/eclipse/jetty/jetty-xml/9.0.2.v20130417/jetty-xml-9.0.2.v20130417.jar:/home/luciano/.m2/repository/org/eclipse/jetty/jetty-servlet/9.0.2.v20130417/jetty-servlet-9.0.2.v20130417.jar:/home/luciano/.m2/repository/org/eclipse/jetty/jetty-security/9.0.2.v20130417/jetty-security-9.0.2.v20130417.jar:/home/luciano/.m2/repository/com/github/jknack/handlebars/4.3.1/handlebars-4.3.1.jar:/home/luciano/.m2/repository/com/github/jknack/handlebars-guava-cache/4.3.1/handlebars-guava-cache-4.3.1.jar:/home/luciano/.m2/repository/com/google/code/gson/gson/2.3.1/gson-2.3.1.jar:/home/luciano/.m2/repository/commons-codec/commons-codec/1.15/commons-codec-1.15.jar:/home/luciano/.m2/repository/com/fasterxml/jackson/core/jackson-databind/2.13.0/jackson-databind-2.13.0.jar:/home/luciano/.m2/repository/com/fasterxml/jackson/core/jackson-annotations/2.12.5/jackson-annotations-2.12.5.jar:/home/luciano/.m2/repository/com/fasterxml/jackson/core/jackson-core/2.12.5/jackson-core-2.12.5.jar:"/>
    <property name="java.vm.vendor" value="GraalVM Community"/>
    <property name="sun.arch.data.model" value="64"/>
    <property name="java.vendor.url" value="https://www.graalvm.org/"/>
    <property name="user.timezone" value="America/Argentina/Buenos_Aires"/>
    <property name="os.name" value="Linux"/>
    <property name="java.vm.specification.version" value="17"/>
    <property name="sun.java.launcher" value="SUN_STANDARD"/>
    <property name="user.country" value="AR"/>
    <property name="sun.boot.library.path" value="/home/luciano/.jdks/graalvm-jdk-17.0.8/lib"/>
    <property name="sun.java.command" value="/home/luciano/UTN/DDS/prueba/target/surefire/surefirebooter12118806708384505674.jar /home/luciano/UTN/DDS/prueba/target/surefire 2023-11-23T15-56-06_085-jvmRun1 surefire5948183266669012006tmp surefire_07295984928050973442tmp"/>
    <property name="jdk.debug" value="release"/>
    <property name="surefire.test.class.path" value="/home/luciano/UTN/DDS/prueba/target/test-classes:/home/luciano/UTN/DDS/prueba/target/classes:/home/luciano/.m2/repository/com/sun/mail/jakarta.mail/2.0.1/jakarta.mail-2.0.1.jar:/home/luciano/.m2/repository/com/sun/activation/jakarta.activation/2.0.1/jakarta.activation-2.0.1.jar:/home/luciano/.m2/repository/commons-cli/commons-cli/1.5.0/commons-cli-1.5.0.jar:/home/luciano/.m2/repository/io/github/flbulgarelli/jpa-extras/1.0.0-rc1/jpa-extras-1.0.0-rc1.jar:/home/luciano/.m2/repository/org/hibernate/hibernate-entitymanager/5.6.12.Final/hibernate-entitymanager-5.6.12.Final.jar:/home/luciano/.m2/repository/org/jboss/logging/jboss-logging/3.4.3.Final/jboss-logging-3.4.3.Final.jar:/home/luciano/.m2/repository/org/hibernate/hibernate-core/5.6.12.Final/hibernate-core-5.6.12.Final.jar:/home/luciano/.m2/repository/antlr/antlr/2.7.7/antlr-2.7.7.jar:/home/luciano/.m2/repository/org/jboss/jandex/2.4.2.Final/jandex-2.4.2.Final.jar:/home/luciano/.m2/repository/com/fasterxml/classmate/1.5.1/classmate-1.5.1.jar:/home/luciano/.m2/repository/org/glassfish/jaxb/jaxb-runtime/2.3.1/jaxb-runtime-2.3.1.jar:/home/luciano/.m2/repository/org/glassfish/jaxb/txw2/2.3.1/txw2-2.3.1.jar:/home/luciano/.m2/repository/com/sun/istack/istack-commons-runtime/3.0.7/istack-commons-runtime-3.0.7.jar:/home/luciano/.m2/repository/org/jvnet/staxex/stax-ex/1.8/stax-ex-1.8.jar:/home/luciano/.m2/repository/com/sun/xml/fastinfoset/FastInfoset/1.2.15/FastInfoset-1.2.15.jar:/home/luciano/.m2/repository/org/hibernate/common/hibernate-commons-annotations/5.1.2.Final/hibernate-commons-annotations-5.1.2.Final.jar:/home/luciano/.m2/repository/javax/persistence/javax.persistence-api/2.2/javax.persistence-api-2.2.jar:/home/luciano/.m2/repository/org/jboss/spec/javax/transaction/jboss-transaction-api_1.2_spec/1.1.1.Final/jboss-transaction-api_1.2_spec-1.1.1.Final.jar:/home/luciano/.m2/repository/mysql/mysql-connector-java/5.1.26/mysql-connector-java-5.1.26.jar:/home/luciano/.m2/repository/org/hsqldb/hsqldb/2.4.0/hsqldb-2.4.0.jar:/home/luciano/.m2/repository/com/opencsv/opencsv/5.5.2/opencsv-5.5.2.jar:/home/luciano/.m2/repository/org/apache/commons/commons-lang3/3.12.0/commons-lang3-3.12.0.jar:/home/luciano/.m2/repository/org/apache/commons/commons-text/1.9/commons-text-1.9.jar:/home/luciano/.m2/repository/commons-beanutils/commons-beanutils/1.9.4/commons-beanutils-1.9.4.jar:/home/luciano/.m2/repository/commons-logging/commons-logging/1.2/commons-logging-1.2.jar:/home/luciano/.m2/repository/commons-collections/commons-collections/3.2.2/commons-collections-3.2.2.jar:/home/luciano/.m2/repository/org/apache/commons/commons-collections4/4.4/commons-collections4-4.4.jar:/home/luciano/.m2/repository/com/squareup/retrofit2/retrofit/2.9.0/retrofit-2.9.0.jar:/home/luciano/.m2/repository/com/squareup/okhttp3/okhttp/3.14.9/okhttp-3.14.9.jar:/home/luciano/.m2/repository/com/squareup/okio/okio/1.17.2/okio-1.17.2.jar:/home/luciano/.m2/repository/com/squareup/retrofit2/converter-gson/2.9.0/converter-gson-2.9.0.jar:/home/luciano/.m2/repository/org/junit/jupiter/junit-jupiter-engine/5.9.2/junit-jupiter-engine-5.9.2.jar:/home/luciano/.m2/repository/org/junit/platform/junit-platform-engine/1.9.2/junit-platform-engine-1.9.2.jar:/home/luciano/.m2/repository/org/opentest4j/opentest4j/1.2.0/opentest4j-1.2.0.jar:/home/luciano/.m2/repository/org/junit/platform/junit-platform-commons/1.9.2/junit-platform-commons-1.9.2.jar:/home/luciano/.m2/repository/org/junit/jupiter/junit-jupiter-api/5.9.2/junit-jupiter-api-5.9.2.jar:/home/luciano/.m2/repository/org/apiguardian/apiguardian-api/1.1.2/apiguardian-api-1.1.2.jar:/home/luciano/.m2/repository/org/projectlombok/lombok/1.18.26/lombok-1.18.26.jar:/home/luciano/.m2/repository/org/mockito/mockito-core/3.10.0/mockito-core-3.10.0.jar:/home/luciano/.m2/repository/net/bytebuddy/byte-buddy/1.11.0/byte-buddy-1.11.0.jar:/home/luciano/.m2/repository/net/bytebuddy/byte-buddy-agent/1.11.0/byte-buddy-agent-1.11.0.jar:/home/luciano/.m2/repository/org/objenesis/objenesis/3.2/objenesis-3.2.jar:/home/luciano/.m2/repository/org/apache/commons/commons-csv/1.10.0/commons-csv-1.10.0.jar:/home/luciano/.m2/repository/com/twilio/sdk/twilio/7.55.0/twilio-7.55.0.jar:/home/luciano/.m2/repository/com/google/guava/guava/29.0-android/guava-29.0-android.jar:/home/luciano/.m2/repository/com/google/guava/failureaccess/1.0.1/failureaccess-1.0.1.jar:/home/luciano/.m2/repository/com/google/guava/listenablefuture/9999.0-empty-to-avoid-conflict-with-guava/listenablefuture-9999.0-empty-to-avoid-conflict-with-guava.jar:/home/luciano/.m2/repository/com/google/code/findbugs/jsr305/3.0.2/jsr305-3.0.2.jar:/home/luciano/.m2/repository/org/checkerframework/checker-compat-qual/2.5.5/checker-compat-qual-2.5.5.jar:/home/luciano/.m2/repository/com/google/errorprone/error_prone_annotations/2.3.4/error_prone_annotations-2.3.4.jar:/home/luciano/.m2/repository/com/google/j2objc/j2objc-annotations/1.3/j2objc-annotations-1.3.jar:/home/luciano/.m2/repository/joda-time/joda-time/2.10.6/joda-time-2.10.6.jar:/home/luciano/.m2/repository/io/jsonwebtoken/jjwt-api/0.11.2/jjwt-api-0.11.2.jar:/home/luciano/.m2/repository/io/jsonwebtoken/jjwt-jackson/0.11.2/jjwt-jackson-0.11.2.jar:/home/luciano/.m2/repository/io/jsonwebtoken/jjwt-impl/0.11.2/jjwt-impl-0.11.2.jar:/home/luciano/.m2/repository/org/apache/httpcomponents/httpclient/4.5.6/httpclient-4.5.6.jar:/home/luciano/.m2/repository/org/apache/httpcomponents/httpcore/4.4.10/httpcore-4.4.10.jar:/home/luciano/.m2/repository/javax/xml/bind/jaxb-api/2.3.1/jaxb-api-2.3.1.jar:/home/luciano/.m2/repository/javax/activation/javax.activation-api/1.2.0/javax.activation-api-1.2.0.jar:/home/luciano/.m2/repository/org/simplejavamail/simple-java-mail/6.0.3/simple-java-mail-6.0.3.jar:/home/luciano/.m2/repository/org/simplejavamail/core-module/6.0.3/core-module-6.0.3.jar:/home/luciano/.m2/repository/jakarta/xml/bind/jakarta.xml.bind-api/2.3.2/jakarta.xml.bind-api-2.3.2.jar:/home/luciano/.m2/repository/jakarta/activation/jakarta.activation-api/1.2.1/jakarta.activation-api-1.2.1.jar:/home/luciano/.m2/repository/jakarta/annotation/jakarta.annotation-api/1.3.5/jakarta.annotation-api-1.3.5.jar:/home/luciano/.m2/repository/com/github/bbottema/emailaddress-rfc2822/2.1.3/emailaddress-rfc2822-2.1.3.jar:/home/luciano/.m2/repository/org/slf4j/slf4j-api/1.7.25/slf4j-api-1.7.25.jar:/home/luciano/.m2/repository/com/sparkjava/spark-core/2.2/spark-core-2.2.jar:/home/luciano/.m2/repository/org/slf4j/slf4j-simple/1.7.7/slf4j-simple-1.7.7.jar:/home/luciano/.m2/repository/org/eclipse/jetty/jetty-server/9.0.2.v20130417/jetty-server-9.0.2.v20130417.jar:/home/luciano/.m2/repository/org/eclipse/jetty/orbit/javax.servlet/3.0.0.v201112011016/javax.servlet-3.0.0.v201112011016.jar:/home/luciano/.m2/repository/org/eclipse/jetty/jetty-http/9.0.2.v20130417/jetty-http-9.0.2.v20130417.jar:/home/luciano/.m2/repository/org/eclipse/jetty/jetty-util/9.0.2.v20130417/jetty-util-9.0.2.v20130417.jar:/home/luciano/.m2/repository/org/eclipse/jetty/jetty-io/9.0.2.v20130417/jetty-io-9.0.2.v20130417.jar:/home/luciano/.m2/repository/org/eclipse/jetty/jetty-webapp/9.0.2.v20130417/jetty-webapp-9.0.2.v20130417.jar:/home/luciano/.m2/repository/org/eclipse/jetty/jetty-xml/9.0.2.v20130417/jetty-xml-9.0.2.v20130417.jar:/home/luciano/.m2/repository/org/eclipse/jetty/jetty-servlet/9.0.2.v20130417/jetty-servlet-9.0.2.v20130417.jar:/home/luciano/.m2/repository/org/eclipse/jetty/jetty-security/9.0.2.v20130417/jetty-security-9.0.2.v20130417.jar:/home/luciano/.m2/repository/com/github/jknack/handlebars/4.3.1/handlebars-4.3.1.jar:/home/luciano/.m2/repository/com/github/jknack/handlebars-guava-cache/4.3.1/handlebars-guava-cache-4.3.1.jar:/home/luciano/.m2/repository/com/google/code/gson/gson/2.3.1/gson-2.3.1.jar:/home/luciano/.m2/repository/commons-codec/commons-codec/1.15/commons-codec-1.15.jar:/home/luciano/.m2/repository/com/fasterxml/jackson/core/jackson-databind/2.13.0/jackson-databind-2.13.0.jar:/home/luciano/.m2/repository/com/fasterxml/jackson/core/jackson-annotations/2.12.5/jackson-annotations-2.12.5.jar:/home/luciano/.m2/repository/com/fasterxml/jackson/core/jackson-core/2.12.5/jackson-core-2.12.5.jar:"/>
    <property name="sun.cpu.endian" value="little"/>
    <property name="user.home" value="/home/luciano"/>
    <property name="user.language" value="es"/>
    <property name="java.specification.vendor" value="Oracle Corporation"/>
    <property name="java.version.date" value="2023-07-18"/>
    <property name="java.home" value="/home/luciano/.jdks/graalvm-jdk-17.0.8"/>
    <property name="file.separator" value="/"/>
    <property name="basedir" value="/home/luciano/UTN/DDS/prueba"/>
    <property name="java.vm.compressedOopsMode" value="32-bit"/>
    <property name="jdk.internal.vm.ci.enabled" value="true"/>
    <property name="line.separator" value="&#10;"/>
    <property name="java.vm.specification.vendor" value="Oracle Corporation"/>
    <property name="java.specification.name" value="Java Platform API Specification"/>
    <property name="surefire.real.class.path" value="/home/luciano/UTN/DDS/prueba/target/surefire/surefirebooter12118806708384505674.jar"/>
    <property name="sun.management.compiler" value="HotSpot 64-Bit Tiered Compilers"/>
    <property name="java.runtime.version" value="17.0.8+7-jvmci-23.0-b15"/>
    <property name="user.name" value="luciano"/>
    <property name="path.separator" value=":"/>
    <property name="os.version" value="6.2.0-37-generic"/>
    <property name="java.runtime.name" value="OpenJDK Runtime Environment"/>
    <property name="file.encoding" value="UTF-8"/>
    <property name="java.vm.name" value="OpenJDK 64-Bit Server VM"/>
    <property name="java.vendor.version" value="GraalVM CE 17.0.8+7.1"/>
    <property name="localRepository" value="/home/luciano/.m2/repository"/>
    <property name="java.vendor.url.bug" value="https://github.com/oracle/graal/issues"/>
    <property name="java.io.tmpdir" value="/tmp"/>
    <property name="idea.version" value="2023.2.2"/>
    <property name="java.version" value="17.0.8"/>
    <property name="user.dir" value="/home/luciano/UTN/DDS/prueba"/>
    <property name="os.arch" value="amd64"/>
    <property name="java.vm.specification.name" value="Java Virtual Machine Specification"/>
    <property name="native.encoding" value="UTF-8"/>
    <property name="java.library.path" value="/usr/java/packages/lib:/usr/lib64:/lib64:/lib:/usr/lib"/>
    <property name="java.vm.info" value="mixed mode, sharing"/>
    <property name="java.vendor" value="GraalVM Community"/>
    <property name="java.vm.version" value="17.0.8+7-jvmci-23.0-b15"/>
    <property name="sun.io.unicode.encoding" value="UnicodeLittle"/>
    <property name="java.class.version" value="61.0"/>
  </properties>
  <testcase name="SiElCSVTiene3EmpresasSeRegistranTodas" classname="ar.edu.utn.frba.dds.testRegistroUsuario.ValidacionRegistroDeEmpresasTest" time="0.002"/>
  <testcase name="LaRutaProporcionadaNoEsCorrectaYLanzaExcepcion" classname="ar.edu.utn.frba.dds.testRegistroUsuario.ValidacionRegistroDeEmpresasTest" time="0.002"/>
</testsuite>